<?xml version="1.0" encoding="UTF-8"?>
<!-- Generated by org.testng.reporters.JUnitXMLReporter -->
<testsuite hostname="Brijesh-HP" ignored="0" name="Flight_SearchBox" tests="5" failures="1" timestamp="29 Jul 2020 13:11:10 GMT" time="195.662" errors="0">
  <testcase name="navigateToApplication" time="0.301" classname="com.coffeebeansdemo.testscripts.FlightSearch"/>
  <testcase name="selectDestination" time="14.219" classname="com.coffeebeansdemo.testscripts.FlightSearch"/>
  <testcase name="selectDate_Price_Stoppage_roundtrip" time="166.334" classname="com.coffeebeansdemo.testscripts.FlightSearch">
    <failure type="org.openqa.selenium.NoSuchElementException" message="no such element: Unable to locate element: {&amp;quot;method&amp;quot;:&amp;quot;xpath&amp;quot;,&amp;quot;selector&amp;quot;:&amp;quot;(//*[@id=&amp;apos;flightForm&amp;apos;]/section[2]/div[4]/div[1]/nav/ul)[2]&amp;quot;}
  (Session info: chrome=83.0.4103.116)
For documentation on this error, please visit: https://selenium.dev/exceptions/#no_such_element
Build info: version: &amp;apos;4.0.0-alpha-5&amp;apos;, revision: &amp;apos;b3a0d621cc&amp;apos;
System info: host: &amp;apos;BRIJESH-HP&amp;apos;, ip: &amp;apos;192.168.56.1&amp;apos;, os.name: &amp;apos;Windows 7&amp;apos;, os.arch: &amp;apos;amd64&amp;apos;, os.version: &amp;apos;6.1&amp;apos;, java.version: &amp;apos;1.8.0_251&amp;apos;
Driver info: org.openqa.selenium.chrome.ChromeDriver
Capabilities {acceptInsecureCerts: false, browserName: chrome, browserVersion: 83.0.4103.116, chrome: {chromedriverVersion: 83.0.4103.39 (ccbf011cb2d2b..., userDataDir: C:\Users\Brijesh\AppData\Lo...}, goog:chromeOptions: {debuggerAddress: localhost:53524}, javascriptEnabled: true, networkConnectionEnabled: false, pageLoadStrategy: normal, platform: WINDOWS, platformName: WINDOWS, proxy: Proxy(), setWindowRect: true, strictFileInteractability: false, timeouts: {implicit: 0, pageLoad: 300000, script: 30000}, unhandledPromptBehavior: dismiss and notify, webauthn:virtualAuthenticators: true}
Session ID: ae7eb22653136c0a451eb8051f2570b6
*** Element info: {Using=xpath, value=(//*[@id=&amp;apos;flightForm&amp;apos;]/section[2]/div[4]/div[1]/nav/ul)[2]}">
      <![CDATA[org.openqa.selenium.NoSuchElementException: no such element: Unable to locate element: {"method":"xpath","selector":"(//*[@id='flightForm']/section[2]/div[4]/div[1]/nav/ul)[2]"}
  (Session info: chrome=83.0.4103.116)
For documentation on this error, please visit: https://selenium.dev/exceptions/#no_such_element
Build info: version: '4.0.0-alpha-5', revision: 'b3a0d621cc'
System info: host: 'BRIJESH-HP', ip: '192.168.56.1', os.name: 'Windows 7', os.arch: 'amd64', os.version: '6.1', java.version: '1.8.0_251'
Driver info: org.openqa.selenium.chrome.ChromeDriver
Capabilities {acceptInsecureCerts: false, browserName: chrome, browserVersion: 83.0.4103.116, chrome: {chromedriverVersion: 83.0.4103.39 (ccbf011cb2d2b..., userDataDir: C:\Users\Brijesh\AppData\Lo...}, goog:chromeOptions: {debuggerAddress: localhost:53524}, javascriptEnabled: true, networkConnectionEnabled: false, pageLoadStrategy: normal, platform: WINDOWS, platformName: WINDOWS, proxy: Proxy(), setWindowRect: true, strictFileInteractability: false, timeouts: {implicit: 0, pageLoad: 300000, script: 30000}, unhandledPromptBehavior: dismiss and notify, webauthn:virtualAuthenticators: true}
Session ID: ae7eb22653136c0a451eb8051f2570b6
*** Element info: {Using=xpath, value=(//*[@id='flightForm']/section[2]/div[4]/div[1]/nav/ul)[2]}
at org.openqa.selenium.remote.codec.w3c.W3CHttpResponseCodec.createException(W3CHttpResponseCodec.java:196)
at org.openqa.selenium.remote.codec.w3c.W3CHttpResponseCodec.decode(W3CHttpResponseCodec.java:129)
at org.openqa.selenium.remote.codec.w3c.W3CHttpResponseCodec.decode(W3CHttpResponseCodec.java:53)
at org.openqa.selenium.remote.HttpCommandExecutor.execute(HttpCommandExecutor.java:161)
at org.openqa.selenium.remote.service.DriverCommandExecutor.execute(DriverCommandExecutor.java:83)
at org.openqa.selenium.remote.RemoteWebDriver.execute(RemoteWebDriver.java:582)
at org.openqa.selenium.remote.RemoteWebDriver.findElement(RemoteWebDriver.java:333)
at org.openqa.selenium.remote.RemoteWebDriver.findElementByXPath(RemoteWebDriver.java:451)
at org.openqa.selenium.By$ByXPath.findElement(By.java:394)
at org.openqa.selenium.remote.RemoteWebDriver.findElement(RemoteWebDriver.java:325)
at com.coffeebeansdemo.pageobjects.ResultPage.compatePriceInDepartSearchedResult(ResultPage.java:20)
at com.coffeebeansdemo.testscripts.FlightSearch.selectDate_Price_Stoppage_roundtrip(FlightSearch.java:31)
... Removed 29 stack frames]]>
    </failure>
  </testcase> <!-- selectDate_Price_Stoppage_roundtrip -->
  <testcase name="selectFligtfromResutlt_roundtrip" time="0.001" classname="com.coffeebeansdemo.testscripts.FlightSearch"/>
  <testcase name="validate_pricesSumOfBooking_roundtrip" time="0.002" classname="com.coffeebeansdemo.testscripts.FlightSearch"/>
</testsuite> <!-- Flight_SearchBox -->
