<?xml version="1.0" encoding="UTF-8"?>
<testng-results skipped="0" failed="1" ignored="0" total="5" passed="4">
  <reporter-output>
  </reporter-output>
  <suite name="Suite1" duration-ms="195662" started-at="2020-07-29T13:07:54Z" finished-at="2020-07-29T13:11:10Z">
    <groups>
    </groups>
    <test name="Flight_SearchBox" duration-ms="195662" started-at="2020-07-29T13:07:54Z" finished-at="2020-07-29T13:11:10Z">
      <class name="com.coffeebeansdemo.testscripts.FlightSearch">
        <test-method status="PASS" signature="beforeSuite()[pri:0, instance:com.coffeebeansdemo.testscripts.FlightSearch@64bf3bbf]" name="beforeSuite" is-config="true" duration-ms="346" started-at="2020-07-29T13:07:54Z" finished-at="2020-07-29T13:07:54Z">
          <reporter-output>
          </reporter-output>
        </test-method> <!-- beforeSuite -->
        <test-method status="PASS" signature="beforeClass()[pri:0, instance:com.coffeebeansdemo.testscripts.FlightSearch@64bf3bbf]" name="beforeClass" is-config="true" duration-ms="5" started-at="2020-07-29T13:07:54Z" finished-at="2020-07-29T13:07:54Z">
          <reporter-output>
          </reporter-output>
        </test-method> <!-- beforeClass -->
        <test-method status="PASS" signature="launchBrowser(java.lang.String)[pri:0, instance:com.coffeebeansdemo.testscripts.FlightSearch@64bf3bbf]" name="launchBrowser" is-config="true" duration-ms="11132" started-at="2020-07-29T13:07:54Z" finished-at="2020-07-29T13:08:05Z">
          <params>
            <param index="0">
              <value>
                <![CDATA[https://www.cleartrip.com/]]>
              </value>
            </param>
          </params>
          <reporter-output>
          </reporter-output>
        </test-method> <!-- launchBrowser -->
        <test-method status="PASS" signature="beforeMethod(java.lang.reflect.Method)[pri:0, instance:com.coffeebeansdemo.testscripts.FlightSearch@64bf3bbf]" name="beforeMethod" is-config="true" duration-ms="5" started-at="2020-07-29T13:08:05Z" finished-at="2020-07-29T13:08:05Z">
          <params>
            <param index="0">
              <value>
                <![CDATA[public void com.coffeebeansdemo.testscripts.FlightSearch.navigateToApplication()]]>
              </value>
            </param>
          </params>
          <reporter-output>
          </reporter-output>
        </test-method> <!-- beforeMethod -->
        <test-method status="PASS" signature="navigateToApplication()[pri:0, instance:com.coffeebeansdemo.testscripts.FlightSearch@64bf3bbf]" name="navigateToApplication" duration-ms="301" started-at="2020-07-29T13:08:05Z" finished-at="2020-07-29T13:08:05Z">
          <reporter-output>
          </reporter-output>
        </test-method> <!-- navigateToApplication -->
        <test-method status="PASS" signature="afterMethod(org.testng.ITestResult)[pri:0, instance:com.coffeebeansdemo.testscripts.FlightSearch@64bf3bbf]" name="afterMethod" is-config="true" duration-ms="717" started-at="2020-07-29T13:08:05Z" finished-at="2020-07-29T13:08:06Z">
          <params>
            <param index="0">
              <value>
                <![CDATA[[TestResult name=navigateToApplication status=SUCCESS method=FlightSearch.navigateToApplication()[pri:0, instance:com.coffeebeansdemo.testscripts.FlightSearch@64bf3bbf] output={null}]]]>
              </value>
            </param>
          </params>
          <reporter-output>
          </reporter-output>
        </test-method> <!-- afterMethod -->
        <test-method status="PASS" signature="beforeMethod(java.lang.reflect.Method)[pri:0, instance:com.coffeebeansdemo.testscripts.FlightSearch@64bf3bbf]" name="beforeMethod" is-config="true" duration-ms="0" started-at="2020-07-29T13:08:06Z" finished-at="2020-07-29T13:08:06Z">
          <params>
            <param index="0">
              <value>
                <![CDATA[public void com.coffeebeansdemo.testscripts.FlightSearch.selectDestination()]]>
              </value>
            </param>
          </params>
          <reporter-output>
          </reporter-output>
        </test-method> <!-- beforeMethod -->
        <test-method status="PASS" signature="selectDestination()[pri:1, instance:com.coffeebeansdemo.testscripts.FlightSearch@64bf3bbf]" name="selectDestination" duration-ms="14219" started-at="2020-07-29T13:08:06Z" finished-at="2020-07-29T13:08:20Z">
          <reporter-output>
          </reporter-output>
        </test-method> <!-- selectDestination -->
        <test-method status="PASS" signature="afterMethod(org.testng.ITestResult)[pri:0, instance:com.coffeebeansdemo.testscripts.FlightSearch@64bf3bbf]" name="afterMethod" is-config="true" duration-ms="153" started-at="2020-07-29T13:08:20Z" finished-at="2020-07-29T13:08:21Z">
          <params>
            <param index="0">
              <value>
                <![CDATA[[TestResult name=selectDestination status=SUCCESS method=FlightSearch.selectDestination()[pri:1, instance:com.coffeebeansdemo.testscripts.FlightSearch@64bf3bbf] output={null}]]]>
              </value>
            </param>
          </params>
          <reporter-output>
          </reporter-output>
        </test-method> <!-- afterMethod -->
        <test-method status="FAIL" signature="selectDate_Price_Stoppage_roundtrip()[pri:2, instance:com.coffeebeansdemo.testscripts.FlightSearch@64bf3bbf]" name="selectDate_Price_Stoppage_roundtrip" duration-ms="166334" started-at="2020-07-29T13:08:21Z" finished-at="2020-07-29T13:11:07Z">
          <exception class="org.openqa.selenium.NoSuchElementException">
            <message>
              <![CDATA[no such element: Unable to locate element: {"method":"xpath","selector":"(//*[@id='flightForm']/section[2]/div[4]/div[1]/nav/ul)[2]"}
  (Session info: chrome=83.0.4103.116)
For documentation on this error, please visit: https://selenium.dev/exceptions/#no_such_element
Build info: version: '4.0.0-alpha-5', revision: 'b3a0d621cc'
System info: host: 'BRIJESH-HP', ip: '192.168.56.1', os.name: 'Windows 7', os.arch: 'amd64', os.version: '6.1', java.version: '1.8.0_251'
Driver info: org.openqa.selenium.chrome.ChromeDriver
Capabilities {acceptInsecureCerts: false, browserName: chrome, browserVersion: 83.0.4103.116, chrome: {chromedriverVersion: 83.0.4103.39 (ccbf011cb2d2b..., userDataDir: C:\Users\Brijesh\AppData\Lo...}, goog:chromeOptions: {debuggerAddress: localhost:53524}, javascriptEnabled: true, networkConnectionEnabled: false, pageLoadStrategy: normal, platform: WINDOWS, platformName: WINDOWS, proxy: Proxy(), setWindowRect: true, strictFileInteractability: false, timeouts: {implicit: 0, pageLoad: 300000, script: 30000}, unhandledPromptBehavior: dismiss and notify, webauthn:virtualAuthenticators: true}
Session ID: ae7eb22653136c0a451eb8051f2570b6
*** Element info: {Using=xpath, value=(//*[@id='flightForm']/section[2]/div[4]/div[1]/nav/ul)[2]}]]>
            </message>
            <full-stacktrace>
              <![CDATA[org.openqa.selenium.NoSuchElementException: no such element: Unable to locate element: {"method":"xpath","selector":"(//*[@id='flightForm']/section[2]/div[4]/div[1]/nav/ul)[2]"}
  (Session info: chrome=83.0.4103.116)
For documentation on this error, please visit: https://selenium.dev/exceptions/#no_such_element
Build info: version: '4.0.0-alpha-5', revision: 'b3a0d621cc'
System info: host: 'BRIJESH-HP', ip: '192.168.56.1', os.name: 'Windows 7', os.arch: 'amd64', os.version: '6.1', java.version: '1.8.0_251'
Driver info: org.openqa.selenium.chrome.ChromeDriver
Capabilities {acceptInsecureCerts: false, browserName: chrome, browserVersion: 83.0.4103.116, chrome: {chromedriverVersion: 83.0.4103.39 (ccbf011cb2d2b..., userDataDir: C:\Users\Brijesh\AppData\Lo...}, goog:chromeOptions: {debuggerAddress: localhost:53524}, javascriptEnabled: true, networkConnectionEnabled: false, pageLoadStrategy: normal, platform: WINDOWS, platformName: WINDOWS, proxy: Proxy(), setWindowRect: true, strictFileInteractability: false, timeouts: {implicit: 0, pageLoad: 300000, script: 30000}, unhandledPromptBehavior: dismiss and notify, webauthn:virtualAuthenticators: true}
Session ID: ae7eb22653136c0a451eb8051f2570b6
*** Element info: {Using=xpath, value=(//*[@id='flightForm']/section[2]/div[4]/div[1]/nav/ul)[2]}
at sun.reflect.NativeConstructorAccessorImpl.newInstance0(Native Method)
at sun.reflect.NativeConstructorAccessorImpl.newInstance(NativeConstructorAccessorImpl.java:62)
at sun.reflect.DelegatingConstructorAccessorImpl.newInstance(DelegatingConstructorAccessorImpl.java:45)
at java.lang.reflect.Constructor.newInstance(Constructor.java:423)
at org.openqa.selenium.remote.codec.w3c.W3CHttpResponseCodec.createException(W3CHttpResponseCodec.java:196)
at org.openqa.selenium.remote.codec.w3c.W3CHttpResponseCodec.decode(W3CHttpResponseCodec.java:129)
at org.openqa.selenium.remote.codec.w3c.W3CHttpResponseCodec.decode(W3CHttpResponseCodec.java:53)
at org.openqa.selenium.remote.HttpCommandExecutor.execute(HttpCommandExecutor.java:161)
at org.openqa.selenium.remote.service.DriverCommandExecutor.execute(DriverCommandExecutor.java:83)
at org.openqa.selenium.remote.RemoteWebDriver.execute(RemoteWebDriver.java:582)
at org.openqa.selenium.remote.RemoteWebDriver.findElement(RemoteWebDriver.java:333)
at org.openqa.selenium.remote.RemoteWebDriver.findElementByXPath(RemoteWebDriver.java:451)
at org.openqa.selenium.By$ByXPath.findElement(By.java:394)
at org.openqa.selenium.remote.RemoteWebDriver.findElement(RemoteWebDriver.java:325)
at com.coffeebeansdemo.pageobjects.ResultPage.compatePriceInDepartSearchedResult(ResultPage.java:20)
at com.coffeebeansdemo.testscripts.FlightSearch.selectDate_Price_Stoppage_roundtrip(FlightSearch.java:31)
at sun.reflect.NativeMethodAccessorImpl.invoke0(Native Method)
at sun.reflect.NativeMethodAccessorImpl.invoke(NativeMethodAccessorImpl.java:62)
at sun.reflect.DelegatingMethodAccessorImpl.invoke(DelegatingMethodAccessorImpl.java:43)
at java.lang.reflect.Method.invoke(Method.java:498)
at org.testng.internal.MethodInvocationHelper.invokeMethod(MethodInvocationHelper.java:124)
at org.testng.internal.Invoker.invokeMethod(Invoker.java:583)
at org.testng.internal.Invoker.invokeTestMethod(Invoker.java:719)
at org.testng.internal.Invoker.invokeTestMethods(Invoker.java:989)
at org.testng.internal.TestMethodWorker.invokeTestMethods(TestMethodWorker.java:125)
at org.testng.internal.TestMethodWorker.run(TestMethodWorker.java:109)
at org.testng.TestRunner.privateRun(TestRunner.java:648)
at org.testng.TestRunner.run(TestRunner.java:505)
at org.testng.SuiteRunner.runTest(SuiteRunner.java:455)
at org.testng.SuiteRunner.runSequentially(SuiteRunner.java:450)
at org.testng.SuiteRunner.privateRun(SuiteRunner.java:415)
at org.testng.SuiteRunner.run(SuiteRunner.java:364)
at org.testng.SuiteRunnerWorker.runSuite(SuiteRunnerWorker.java:52)
at org.testng.SuiteRunnerWorker.run(SuiteRunnerWorker.java:84)
at org.testng.TestNG.runSuitesSequentially(TestNG.java:1208)
at org.testng.TestNG.runSuitesLocally(TestNG.java:1137)
at org.testng.TestNG.runSuites(TestNG.java:1049)
at org.testng.TestNG.run(TestNG.java:1017)
at org.testng.remote.AbstractRemoteTestNG.run(AbstractRemoteTestNG.java:114)
at org.testng.remote.RemoteTestNG.initAndRun(RemoteTestNG.java:251)
at org.testng.remote.RemoteTestNG.main(RemoteTestNG.java:77)
]]>
            </full-stacktrace>
          </exception> <!-- org.openqa.selenium.NoSuchElementException -->
          <reporter-output>
          </reporter-output>
        </test-method> <!-- selectDate_Price_Stoppage_roundtrip -->
        <test-method status="PASS" signature="beforeMethod(java.lang.reflect.Method)[pri:0, instance:com.coffeebeansdemo.testscripts.FlightSearch@64bf3bbf]" name="beforeMethod" is-config="true" duration-ms="0" started-at="2020-07-29T13:08:21Z" finished-at="2020-07-29T13:08:21Z">
          <params>
            <param index="0">
              <value>
                <![CDATA[public void com.coffeebeansdemo.testscripts.FlightSearch.selectDate_Price_Stoppage_roundtrip()]]>
              </value>
            </param>
          </params>
          <reporter-output>
          </reporter-output>
        </test-method> <!-- beforeMethod -->
        <test-method status="PASS" signature="afterMethod(org.testng.ITestResult)[pri:0, instance:com.coffeebeansdemo.testscripts.FlightSearch@64bf3bbf]" name="afterMethod" is-config="true" duration-ms="197" started-at="2020-07-29T13:11:07Z" finished-at="2020-07-29T13:11:07Z">
          <params>
            <param index="0">
              <value>
                <![CDATA[[TestResult name=selectDate_Price_Stoppage_roundtrip status=FAILURE method=FlightSearch.selectDate_Price_Stoppage_roundtrip()[pri:2, instance:com.coffeebeansdemo.testscripts.FlightSearch@64bf3bbf] output={null}]]]>
              </value>
            </param>
          </params>
          <reporter-output>
          </reporter-output>
        </test-method> <!-- afterMethod -->
        <test-method status="PASS" signature="beforeMethod(java.lang.reflect.Method)[pri:0, instance:com.coffeebeansdemo.testscripts.FlightSearch@64bf3bbf]" name="beforeMethod" is-config="true" duration-ms="0" started-at="2020-07-29T13:11:07Z" finished-at="2020-07-29T13:11:07Z">
          <params>
            <param index="0">
              <value>
                <![CDATA[public void com.coffeebeansdemo.testscripts.FlightSearch.selectFligtfromResutlt_roundtrip()]]>
              </value>
            </param>
          </params>
          <reporter-output>
          </reporter-output>
        </test-method> <!-- beforeMethod -->
        <test-method status="PASS" signature="selectFligtfromResutlt_roundtrip()[pri:3, instance:com.coffeebeansdemo.testscripts.FlightSearch@64bf3bbf]" name="selectFligtfromResutlt_roundtrip" duration-ms="1" started-at="2020-07-29T13:11:07Z" finished-at="2020-07-29T13:11:07Z">
          <reporter-output>
          </reporter-output>
        </test-method> <!-- selectFligtfromResutlt_roundtrip -->
        <test-method status="PASS" signature="afterMethod(org.testng.ITestResult)[pri:0, instance:com.coffeebeansdemo.testscripts.FlightSearch@64bf3bbf]" name="afterMethod" is-config="true" duration-ms="160" started-at="2020-07-29T13:11:07Z" finished-at="2020-07-29T13:11:07Z">
          <params>
            <param index="0">
              <value>
                <![CDATA[[TestResult name=selectFligtfromResutlt_roundtrip status=SUCCESS method=FlightSearch.selectFligtfromResutlt_roundtrip()[pri:3, instance:com.coffeebeansdemo.testscripts.FlightSearch@64bf3bbf] output={null}]]]>
              </value>
            </param>
          </params>
          <reporter-output>
          </reporter-output>
        </test-method> <!-- afterMethod -->
        <test-method status="PASS" signature="beforeMethod(java.lang.reflect.Method)[pri:0, instance:com.coffeebeansdemo.testscripts.FlightSearch@64bf3bbf]" name="beforeMethod" is-config="true" duration-ms="0" started-at="2020-07-29T13:11:07Z" finished-at="2020-07-29T13:11:07Z">
          <params>
            <param index="0">
              <value>
                <![CDATA[public void com.coffeebeansdemo.testscripts.FlightSearch.validate_pricesSumOfBooking_roundtrip()]]>
              </value>
            </param>
          </params>
          <reporter-output>
          </reporter-output>
        </test-method> <!-- beforeMethod -->
        <test-method status="PASS" signature="validate_pricesSumOfBooking_roundtrip()[pri:4, instance:com.coffeebeansdemo.testscripts.FlightSearch@64bf3bbf]" name="validate_pricesSumOfBooking_roundtrip" duration-ms="2" started-at="2020-07-29T13:11:07Z" finished-at="2020-07-29T13:11:07Z">
          <reporter-output>
          </reporter-output>
        </test-method> <!-- validate_pricesSumOfBooking_roundtrip -->
        <test-method status="PASS" signature="afterMethod(org.testng.ITestResult)[pri:0, instance:com.coffeebeansdemo.testscripts.FlightSearch@64bf3bbf]" name="afterMethod" is-config="true" duration-ms="158" started-at="2020-07-29T13:11:07Z" finished-at="2020-07-29T13:11:07Z">
          <params>
            <param index="0">
              <value>
                <![CDATA[[TestResult name=validate_pricesSumOfBooking_roundtrip status=SUCCESS method=FlightSearch.validate_pricesSumOfBooking_roundtrip()[pri:4, instance:com.coffeebeansdemo.testscripts.FlightSearch@64bf3bbf] output={null}]]]>
              </value>
            </param>
          </params>
          <reporter-output>
          </reporter-output>
        </test-method> <!-- afterMethod -->
        <test-method status="PASS" signature="closeBrowser()[pri:0, instance:com.coffeebeansdemo.testscripts.FlightSearch@64bf3bbf]" name="closeBrowser" is-config="true" duration-ms="2227" started-at="2020-07-29T13:11:07Z" finished-at="2020-07-29T13:11:10Z">
          <reporter-output>
          </reporter-output>
        </test-method> <!-- closeBrowser -->
      </class> <!-- com.coffeebeansdemo.testscripts.FlightSearch -->
    </test> <!-- Flight_SearchBox -->
  </suite> <!-- Suite1 -->
</testng-results>
